
> lighting-app@0.1.0 dev
> next dev --turbopack --port 8888

   ▲ Next.js 15.3.5 (Turbopack)
   - Local:        http://localhost:8888
   - Network:      http://192.168.31.98:8888
   - Environments: .env.local

 ✓ Starting...
 ✓ Compiled middleware in 209ms
 ✓ Ready in 1760ms
 ⚠ Webpack is configured while Turbopack is not, which may cause problems.
 ⚠ See instructions if you need to configure Turbopack:
  https://nextjs.org/docs/app/api-reference/next-config-js/turbo

 ○ Compiling / ...
 ✓ Compiled / in 2.1s
 HEAD / 200 in 2433ms
 GET / 200 in 72ms
 GET / 200 in 114ms
 GET / 200 in 71ms
 ⚠ Cross origin request detected from 192.168.31.98 to /_next/* resource. In a future major version of Next.js, you will need to explicitly configure "allowedDevOrigins" in next.config to allow this.
Read more: https://nextjs.org/docs/app/api-reference/config/next-config-js/allowedDevOrigins
 ✓ Compiled /favicon.ico in 384ms
 GET /favicon.ico?favicon.45db1c09.ico 200 in 655ms
 GET /favicon.ico 200 in 663ms
 GET / 200 in 87ms
