
> lighting-app@0.1.0 dev
> next dev --turbopack --hostname 127.0.0.1 --port 7777

   ▲ Next.js 15.3.5 (Turbopack)
   - Local:        http://127.0.0.1:7777
   - Network:      http://127.0.0.1:7777
   - Environments: .env.local

 ✓ Starting...
 ✓ Compiled middleware in 164ms
 ✓ Ready in 1407ms
 ○ Compiling / ...
 ✓ Compiled / in 2.3s
 ⨯ Error: Event handlers cannot be passed to Client Component props.
  <button style={{...}} onMouseOver={function onMouseOver} onMouseOut=... children=...>
                                    ^^^^^^^^^^^^^^^^^^^^^^
If you need interactivity, consider converting part of this to a Client Component.
    at stringify (<anonymous>)
    at stringify (<anonymous>) {
  digest: '2418230181'
}
 ⨯ Error: Event handlers cannot be passed to Client Component props.
  <button style={{...}} onMouseOver=... onMouseOut={function onMouseOut} children=...>
                                                   ^^^^^^^^^^^^^^^^^^^^^
If you need interactivity, consider converting part of this to a Client Component.
    at stringify (<anonymous>)
    at stringify (<anonymous>) {
  digest: '1768725893'
}
 HEAD / 500 in 2995ms
 ⨯ Error: Event handlers cannot be passed to Client Component props.
  <button style={{...}} onMouseOver={function onMouseOver} onMouseOut=... children=...>
                                    ^^^^^^^^^^^^^^^^^^^^^^
If you need interactivity, consider converting part of this to a Client Component.
    at stringify (<anonymous>)
    at stringify (<anonymous>) {
  digest: '2418230181'
}
 ⨯ Error: Event handlers cannot be passed to Client Component props.
  <button style={{...}} onMouseOver=... onMouseOut={function onMouseOut} children=...>
                                                   ^^^^^^^^^^^^^^^^^^^^^
If you need interactivity, consider converting part of this to a Client Component.
    at stringify (<anonymous>)
    at stringify (<anonymous>) {
  digest: '1768725893'
}
 HEAD / 500 in 505ms
 ⨯ Error: Event handlers cannot be passed to Client Component props.
  <button style={{...}} onMouseOver={function onMouseOver} onMouseOut=... children=...>
                                    ^^^^^^^^^^^^^^^^^^^^^^
If you need interactivity, consider converting part of this to a Client Component.
    at stringify (<anonymous>)
    at stringify (<anonymous>) {
  digest: '2418230181'
}
 ⨯ Error: Event handlers cannot be passed to Client Component props.
  <button style={{...}} onMouseOver=... onMouseOut={function onMouseOut} children=...>
                                                   ^^^^^^^^^^^^^^^^^^^^^
If you need interactivity, consider converting part of this to a Client Component.
    at stringify (<anonymous>)
    at stringify (<anonymous>) {
  digest: '1768725893'
}
 HEAD / 500 in 385ms
 ⨯ Error: Event handlers cannot be passed to Client Component props.
  <button style={{...}} onMouseOver={function onMouseOver} onMouseOut=... children=...>
                                    ^^^^^^^^^^^^^^^^^^^^^^
If you need interactivity, consider converting part of this to a Client Component.
    at stringify (<anonymous>)
    at stringify (<anonymous>) {
  digest: '2418230181'
}
 ⨯ Error: Event handlers cannot be passed to Client Component props.
  <button style={{...}} onMouseOver=... onMouseOut={function onMouseOut} children=...>
                                                   ^^^^^^^^^^^^^^^^^^^^^
If you need interactivity, consider converting part of this to a Client Component.
    at stringify (<anonymous>)
    at stringify (<anonymous>) {
  digest: '1768725893'
}
 HEAD / 500 in 399ms
 ⨯ Error: Event handlers cannot be passed to Client Component props.
  <button style={{...}} onMouseOver={function onMouseOver} onMouseOut=... children=...>
                                    ^^^^^^^^^^^^^^^^^^^^^^
If you need interactivity, consider converting part of this to a Client Component.
    at stringify (<anonymous>)
    at stringify (<anonymous>) {
  digest: '2418230181'
}
 ⨯ Error: Event handlers cannot be passed to Client Component props.
  <button style={{...}} onMouseOver=... onMouseOut={function onMouseOut} children=...>
                                                   ^^^^^^^^^^^^^^^^^^^^^
If you need interactivity, consider converting part of this to a Client Component.
    at stringify (<anonymous>)
    at stringify (<anonymous>) {
  digest: '1768725893'
}
 HEAD / 500 in 377ms
 ✓ Compiled in 177ms
 ✓ Compiled / in 29ms
 HEAD / 200 in 176ms
 GET / 200 in 253ms
 ✓ Compiled /favicon.ico in 413ms
 GET /favicon.ico 200 in 682ms
 GET /favicon.ico?favicon.45db1c09.ico 200 in 684ms
 GET / 200 in 164ms
 ○ Compiling / ...
